[0.239s] DEBUG:colcon:Command line arguments: ['/usr/bin/colcon', 'build']
[0.240s] DEBUG:colcon:Parsed command line arguments: Namespace(log_base=None, log_level=None, verb_name='build', build_base='build', install_base='install', merge_install=False, symlink_install=False, test_result_base=None, continue_on_error=False, executor='parallel', parallel_workers=4, event_handlers=None, ignore_user_meta=False, metas=['./colcon.meta'], base_paths=['.'], packages_ignore=None, packages_ignore_regex=None, paths=None, packages_up_to=None, packages_up_to_regex=None, packages_above=None, packages_above_and_dependencies=None, packages_above_depth=None, packages_select_by_dep=None, packages_skip_by_dep=None, packages_skip_up_to=None, packages_select_build_failed=False, packages_skip_build_finished=False, packages_select_test_failures=False, packages_skip_test_passed=False, packages_select=None, packages_skip=None, packages_select_regex=None, packages_skip_regex=None, packages_start=None, packages_end=None, allow_overriding=[], cmake_args=None, cmake_target=None, cmake_target_skip_unavailable=False, cmake_clean_cache=False, cmake_clean_first=False, cmake_force_configure=False, ament_cmake_args=None, catkin_cmake_args=None, catkin_skip_building_tests=False, verb_parser=<colcon_defaults.argument_parser.defaults.DefaultArgumentsDecorator object at 0xffff816d0a00>, verb_extension=<colcon_core.verb.build.BuildVerb object at 0xffff816d0610>, main=<bound method BuildVerb.main of <colcon_core.verb.build.BuildVerb object at 0xffff816d0610>>)
[0.612s] Level 1:colcon.colcon_core.package_discovery:discover_packages(colcon_meta) check parameters
[0.613s] Level 1:colcon.colcon_core.package_discovery:discover_packages(recursive) check parameters
[0.613s] Level 1:colcon.colcon_core.package_discovery:discover_packages(ignore) check parameters
[0.613s] Level 1:colcon.colcon_core.package_discovery:discover_packages(path) check parameters
[0.613s] Level 1:colcon.colcon_core.package_discovery:discover_packages(colcon_meta) discover
[0.613s] Level 1:colcon.colcon_core.package_discovery:discover_packages(recursive) discover
[0.614s] INFO:colcon.colcon_core.package_discovery:Crawling recursively for packages in '/home/mg-nx-bench/boson_ws'
[0.614s] Level 1:colcon.colcon_core.package_identification:_identify(.) by extensions ['ignore', 'ignore_ament_install']
[0.614s] Level 1:colcon.colcon_core.package_identification:_identify(.) by extension 'ignore'
[0.614s] Level 1:colcon.colcon_core.package_identification:_identify(.) by extension 'ignore_ament_install'
[0.614s] Level 1:colcon.colcon_core.package_identification:_identify(.) by extensions ['colcon_pkg']
[0.615s] Level 1:colcon.colcon_core.package_identification:_identify(.) by extension 'colcon_pkg'
[0.615s] Level 1:colcon.colcon_core.package_identification:_identify(.) by extensions ['colcon_meta']
[0.615s] Level 1:colcon.colcon_core.package_identification:_identify(.) by extension 'colcon_meta'
[0.615s] Level 1:colcon.colcon_core.package_identification:_identify(.) by extensions ['ros']
[0.615s] Level 1:colcon.colcon_core.package_identification:_identify(.) by extension 'ros'
[0.643s] Level 1:colcon.colcon_core.package_identification:_identify(.) by extensions ['cmake', 'python']
[0.644s] Level 1:colcon.colcon_core.package_identification:_identify(.) by extension 'cmake'
[0.644s] Level 1:colcon.colcon_core.package_identification:_identify(.) by extension 'python'
[0.644s] Level 1:colcon.colcon_core.package_identification:_identify(.) by extensions ['python_setup_py']
[0.644s] Level 1:colcon.colcon_core.package_identification:_identify(.) by extension 'python_setup_py'
[0.644s] Level 1:colcon.colcon_core.package_identification:_identify(boson_camera) by extensions ['ignore', 'ignore_ament_install']
[0.645s] Level 1:colcon.colcon_core.package_identification:_identify(boson_camera) by extension 'ignore'
[0.645s] Level 1:colcon.colcon_core.package_identification:_identify(boson_camera) by extension 'ignore_ament_install'
[0.645s] Level 1:colcon.colcon_core.package_identification:_identify(boson_camera) by extensions ['colcon_pkg']
[0.645s] Level 1:colcon.colcon_core.package_identification:_identify(boson_camera) by extension 'colcon_pkg'
[0.645s] Level 1:colcon.colcon_core.package_identification:_identify(boson_camera) by extensions ['colcon_meta']
[0.645s] Level 1:colcon.colcon_core.package_identification:_identify(boson_camera) by extension 'colcon_meta'
[0.645s] Level 1:colcon.colcon_core.package_identification:_identify(boson_camera) by extensions ['ros']
[0.646s] Level 1:colcon.colcon_core.package_identification:_identify(boson_camera) by extension 'ros'
[0.652s] DEBUG:colcon.colcon_core.package_identification:Package 'boson_camera' with type 'ros.ament_cmake' and name 'boson_camera'
[0.652s] Level 1:colcon.colcon_core.package_identification:_identify(build) by extensions ['ignore', 'ignore_ament_install']
[0.653s] Level 1:colcon.colcon_core.package_identification:_identify(build) by extension 'ignore'
[0.653s] Level 1:colcon.colcon_core.package_identification:_identify(build) ignored
[0.653s] Level 1:colcon.colcon_core.package_identification:_identify(install) by extensions ['ignore', 'ignore_ament_install']
[0.653s] Level 1:colcon.colcon_core.package_identification:_identify(install) by extension 'ignore'
[0.653s] Level 1:colcon.colcon_core.package_identification:_identify(install) ignored
[0.654s] Level 1:colcon.colcon_core.package_identification:_identify(log) by extensions ['ignore', 'ignore_ament_install']
[0.654s] Level 1:colcon.colcon_core.package_identification:_identify(log) by extension 'ignore'
[0.654s] Level 1:colcon.colcon_core.package_identification:_identify(log) ignored
[0.654s] Level 1:colcon.colcon_core.package_discovery:discover_packages(recursive) using defaults
[0.654s] Level 1:colcon.colcon_core.package_discovery:discover_packages(ignore) discover
[0.654s] Level 1:colcon.colcon_core.package_discovery:discover_packages(ignore) using defaults
[0.654s] Level 1:colcon.colcon_core.package_discovery:discover_packages(path) discover
[0.654s] Level 1:colcon.colcon_core.package_discovery:discover_packages(path) using defaults
[0.698s] Level 1:colcon.colcon_core.package_discovery:discover_packages(prefix_path) check parameters
[0.699s] Level 1:colcon.colcon_core.package_discovery:discover_packages(prefix_path) discover
[0.704s] DEBUG:colcon.colcon_installed_package_information.package_discovery:Found 282 installed packages in /opt/ros/humble
[0.741s] Level 1:colcon.colcon_core.package_discovery:discover_packages(prefix_path) using defaults
[0.829s] Level 5:colcon.colcon_core.verb:set package 'boson_camera' build argument 'cmake_args' from command line to 'None'
[0.829s] Level 5:colcon.colcon_core.verb:set package 'boson_camera' build argument 'cmake_target' from command line to 'None'
[0.830s] Level 5:colcon.colcon_core.verb:set package 'boson_camera' build argument 'cmake_target_skip_unavailable' from command line to 'False'
[0.830s] Level 5:colcon.colcon_core.verb:set package 'boson_camera' build argument 'cmake_clean_cache' from command line to 'False'
[0.830s] Level 5:colcon.colcon_core.verb:set package 'boson_camera' build argument 'cmake_clean_first' from command line to 'False'
[0.830s] Level 5:colcon.colcon_core.verb:set package 'boson_camera' build argument 'cmake_force_configure' from command line to 'False'
[0.830s] Level 5:colcon.colcon_core.verb:set package 'boson_camera' build argument 'ament_cmake_args' from command line to 'None'
[0.830s] Level 5:colcon.colcon_core.verb:set package 'boson_camera' build argument 'catkin_cmake_args' from command line to 'None'
[0.830s] Level 5:colcon.colcon_core.verb:set package 'boson_camera' build argument 'catkin_skip_building_tests' from command line to 'False'
[0.830s] DEBUG:colcon.colcon_core.verb:Building package 'boson_camera' with the following arguments: {'ament_cmake_args': None, 'build_base': '/home/mg-nx-bench/boson_ws/build/boson_camera', 'catkin_cmake_args': None, 'catkin_skip_building_tests': False, 'cmake_args': None, 'cmake_clean_cache': False, 'cmake_clean_first': False, 'cmake_force_configure': False, 'cmake_target': None, 'cmake_target_skip_unavailable': False, 'install_base': '/home/mg-nx-bench/boson_ws/install/boson_camera', 'merge_install': False, 'path': '/home/mg-nx-bench/boson_ws/boson_camera', 'symlink_install': False, 'test_result_base': None}
[0.831s] INFO:colcon.colcon_core.executor:Executing jobs using 'parallel' executor
[0.833s] DEBUG:colcon.colcon_parallel_executor.executor.parallel:run_until_complete
[0.834s] INFO:colcon.colcon_ros.task.ament_cmake.build:Building ROS package in '/home/mg-nx-bench/boson_ws/boson_camera' with build type 'ament_cmake'
[0.834s] INFO:colcon.colcon_cmake.task.cmake.build:Building CMake package in '/home/mg-nx-bench/boson_ws/boson_camera'
[0.839s] INFO:colcon.colcon_core.plugin_system:Skipping extension 'colcon_core.shell.bat': Not used on non-Windows systems
[0.840s] INFO:colcon.colcon_core.shell:Skip shell extension 'powershell' for command environment: Not usable outside of PowerShell
[0.840s] DEBUG:colcon.colcon_core.shell:Skip shell extension 'dsv' for command environment
[0.875s] DEBUG:colcon.colcon_core.event_handler.log_command:Invoking command in '/home/mg-nx-bench/boson_ws/build/boson_camera': CMAKE_PREFIX_PATH=/opt/ros/humble /usr/bin/cmake --build /home/mg-nx-bench/boson_ws/build/boson_camera -- -j4 -l4
[16.097s] DEBUG:colcon.colcon_core.event_handler.log_command:Invoked command in '/home/mg-nx-bench/boson_ws/build/boson_camera' returned '0': CMAKE_PREFIX_PATH=/opt/ros/humble /usr/bin/cmake --build /home/mg-nx-bench/boson_ws/build/boson_camera -- -j4 -l4
[16.120s] DEBUG:colcon.colcon_core.event_handler.log_command:Invoking command in '/home/mg-nx-bench/boson_ws/build/boson_camera': CMAKE_PREFIX_PATH=/opt/ros/humble /usr/bin/cmake --install /home/mg-nx-bench/boson_ws/build/boson_camera
[16.148s] Level 1:colcon.colcon_core.environment:create_environment_scripts_only(boson_camera)
[16.154s] DEBUG:colcon.colcon_core.event_handler.log_command:Invoked command in '/home/mg-nx-bench/boson_ws/build/boson_camera' returned '0': CMAKE_PREFIX_PATH=/opt/ros/humble /usr/bin/cmake --install /home/mg-nx-bench/boson_ws/build/boson_camera
[16.157s] Level 1:colcon.colcon_core.environment:checking '/home/mg-nx-bench/boson_ws/install/boson_camera' for CMake module files
[16.158s] Level 1:colcon.colcon_core.environment:checking '/home/mg-nx-bench/boson_ws/install/boson_camera' for CMake config files
[16.159s] Level 1:colcon.colcon_core.shell:create_environment_hook('boson_camera', 'cmake_prefix_path')
[16.160s] INFO:colcon.colcon_core.shell:Creating environment hook '/home/mg-nx-bench/boson_ws/install/boson_camera/share/boson_camera/hook/cmake_prefix_path.ps1'
[16.162s] INFO:colcon.colcon_core.shell:Creating environment descriptor '/home/mg-nx-bench/boson_ws/install/boson_camera/share/boson_camera/hook/cmake_prefix_path.dsv'
[16.163s] INFO:colcon.colcon_core.shell:Creating environment hook '/home/mg-nx-bench/boson_ws/install/boson_camera/share/boson_camera/hook/cmake_prefix_path.sh'
[16.165s] Level 1:colcon.colcon_core.environment:checking '/home/mg-nx-bench/boson_ws/install/boson_camera/lib'
[16.165s] Level 1:colcon.colcon_core.environment:checking '/home/mg-nx-bench/boson_ws/install/boson_camera/bin'
[16.165s] Level 1:colcon.colcon_core.environment:checking '/home/mg-nx-bench/boson_ws/install/boson_camera/lib/pkgconfig/boson_camera.pc'
[16.166s] Level 1:colcon.colcon_core.environment:checking '/home/mg-nx-bench/boson_ws/install/boson_camera/lib/python3.10/site-packages'
[16.166s] Level 1:colcon.colcon_core.environment:checking '/home/mg-nx-bench/boson_ws/install/boson_camera/bin'
[16.167s] INFO:colcon.colcon_core.shell:Creating package script '/home/mg-nx-bench/boson_ws/install/boson_camera/share/boson_camera/package.ps1'
[16.169s] INFO:colcon.colcon_core.shell:Creating package descriptor '/home/mg-nx-bench/boson_ws/install/boson_camera/share/boson_camera/package.dsv'
[16.170s] INFO:colcon.colcon_core.shell:Creating package script '/home/mg-nx-bench/boson_ws/install/boson_camera/share/boson_camera/package.sh'
[16.172s] INFO:colcon.colcon_core.shell:Creating package script '/home/mg-nx-bench/boson_ws/install/boson_camera/share/boson_camera/package.bash'
[16.174s] INFO:colcon.colcon_core.shell:Creating package script '/home/mg-nx-bench/boson_ws/install/boson_camera/share/boson_camera/package.zsh'
[16.175s] Level 1:colcon.colcon_core.environment:create_file_with_runtime_dependencies(/home/mg-nx-bench/boson_ws/install/boson_camera/share/colcon-core/packages/boson_camera)
[16.177s] Level 1:colcon.colcon_core.environment:create_environment_scripts_only(boson_camera)
[16.177s] Level 1:colcon.colcon_core.environment:checking '/home/mg-nx-bench/boson_ws/install/boson_camera' for CMake module files
[16.178s] Level 1:colcon.colcon_core.environment:checking '/home/mg-nx-bench/boson_ws/install/boson_camera' for CMake config files
[16.179s] Level 1:colcon.colcon_core.shell:create_environment_hook('boson_camera', 'cmake_prefix_path')
[16.180s] INFO:colcon.colcon_core.shell:Creating environment hook '/home/mg-nx-bench/boson_ws/install/boson_camera/share/boson_camera/hook/cmake_prefix_path.ps1'
[16.181s] INFO:colcon.colcon_core.shell:Creating environment descriptor '/home/mg-nx-bench/boson_ws/install/boson_camera/share/boson_camera/hook/cmake_prefix_path.dsv'
[16.181s] INFO:colcon.colcon_core.shell:Creating environment hook '/home/mg-nx-bench/boson_ws/install/boson_camera/share/boson_camera/hook/cmake_prefix_path.sh'
[16.183s] Level 1:colcon.colcon_core.environment:checking '/home/mg-nx-bench/boson_ws/install/boson_camera/lib'
[16.183s] Level 1:colcon.colcon_core.environment:checking '/home/mg-nx-bench/boson_ws/install/boson_camera/bin'
[16.183s] Level 1:colcon.colcon_core.environment:checking '/home/mg-nx-bench/boson_ws/install/boson_camera/lib/pkgconfig/boson_camera.pc'
[16.184s] Level 1:colcon.colcon_core.environment:checking '/home/mg-nx-bench/boson_ws/install/boson_camera/lib/python3.10/site-packages'
[16.184s] Level 1:colcon.colcon_core.environment:checking '/home/mg-nx-bench/boson_ws/install/boson_camera/bin'
[16.185s] INFO:colcon.colcon_core.shell:Creating package script '/home/mg-nx-bench/boson_ws/install/boson_camera/share/boson_camera/package.ps1'
[16.186s] INFO:colcon.colcon_core.shell:Creating package descriptor '/home/mg-nx-bench/boson_ws/install/boson_camera/share/boson_camera/package.dsv'
[16.187s] INFO:colcon.colcon_core.shell:Creating package script '/home/mg-nx-bench/boson_ws/install/boson_camera/share/boson_camera/package.sh'
[16.188s] INFO:colcon.colcon_core.shell:Creating package script '/home/mg-nx-bench/boson_ws/install/boson_camera/share/boson_camera/package.bash'
[16.189s] INFO:colcon.colcon_core.shell:Creating package script '/home/mg-nx-bench/boson_ws/install/boson_camera/share/boson_camera/package.zsh'
[16.190s] Level 1:colcon.colcon_core.environment:create_file_with_runtime_dependencies(/home/mg-nx-bench/boson_ws/install/boson_camera/share/colcon-core/packages/boson_camera)
[16.192s] DEBUG:colcon.colcon_parallel_executor.executor.parallel:closing loop
[16.192s] DEBUG:colcon.colcon_parallel_executor.executor.parallel:loop closed
[16.192s] DEBUG:colcon.colcon_parallel_executor.executor.parallel:run_until_complete finished with '0'
[16.192s] DEBUG:colcon.colcon_core.event_reactor:joining thread
[16.210s] INFO:colcon.colcon_core.plugin_system:Skipping extension 'colcon_notification.desktop_notification.terminal_notifier': Not used on non-Darwin systems
[16.210s] INFO:colcon.colcon_core.plugin_system:Skipping extension 'colcon_notification.desktop_notification.win32': Not used on non-Windows systems
[16.210s] INFO:colcon.colcon_notification.desktop_notification:Sending desktop notification using 'notify2'
[16.248s] DEBUG:colcon.colcon_core.event_reactor:joined thread
[16.249s] INFO:colcon.colcon_core.shell:Creating prefix script '/home/mg-nx-bench/boson_ws/install/local_setup.ps1'
[16.251s] INFO:colcon.colcon_core.shell:Creating prefix util module '/home/mg-nx-bench/boson_ws/install/_local_setup_util_ps1.py'
[16.256s] INFO:colcon.colcon_core.shell:Creating prefix chain script '/home/mg-nx-bench/boson_ws/install/setup.ps1'
[16.259s] INFO:colcon.colcon_core.shell:Creating prefix script '/home/mg-nx-bench/boson_ws/install/local_setup.sh'
[16.261s] INFO:colcon.colcon_core.shell:Creating prefix util module '/home/mg-nx-bench/boson_ws/install/_local_setup_util_sh.py'
[16.262s] INFO:colcon.colcon_core.shell:Creating prefix chain script '/home/mg-nx-bench/boson_ws/install/setup.sh'
[16.265s] INFO:colcon.colcon_core.shell:Creating prefix script '/home/mg-nx-bench/boson_ws/install/local_setup.bash'
[16.266s] INFO:colcon.colcon_core.shell:Creating prefix chain script '/home/mg-nx-bench/boson_ws/install/setup.bash'
[16.269s] INFO:colcon.colcon_core.shell:Creating prefix script '/home/mg-nx-bench/boson_ws/install/local_setup.zsh'
[16.270s] INFO:colcon.colcon_core.shell:Creating prefix chain script '/home/mg-nx-bench/boson_ws/install/setup.zsh'
