[0.388s] DEBUG:colcon:Command line arguments: ['/usr/bin/colcon', 'build']
[0.388s] DEBUG:colcon:Parsed command line arguments: Namespace(log_base=None, log_level=None, verb_name='build', build_base='build', install_base='install', merge_install=False, symlink_install=False, test_result_base=None, continue_on_error=False, executor='parallel', parallel_workers=4, event_handlers=None, ignore_user_meta=False, metas=['./colcon.meta'], base_paths=['.'], packages_ignore=None, packages_ignore_regex=None, paths=None, packages_up_to=None, packages_up_to_regex=None, packages_above=None, packages_above_and_dependencies=None, packages_above_depth=None, packages_select_by_dep=None, packages_skip_by_dep=None, packages_skip_up_to=None, packages_select_build_failed=False, packages_skip_build_finished=False, packages_select_test_failures=False, packages_skip_test_passed=False, packages_select=None, packages_skip=None, packages_select_regex=None, packages_skip_regex=None, packages_start=None, packages_end=None, allow_overriding=[], cmake_args=None, cmake_target=None, cmake_target_skip_unavailable=False, cmake_clean_cache=False, cmake_clean_first=False, cmake_force_configure=False, ament_cmake_args=None, catkin_cmake_args=None, catkin_skip_building_tests=False, verb_parser=<colcon_defaults.argument_parser.defaults.DefaultArgumentsDecorator object at 0xffffa1d10ac0>, verb_extension=<colcon_core.verb.build.BuildVerb object at 0xffffa1d106d0>, main=<bound method BuildVerb.main of <colcon_core.verb.build.BuildVerb object at 0xffffa1d106d0>>)
[0.935s] Level 1:colcon.colcon_core.package_discovery:discover_packages(colcon_meta) check parameters
[0.936s] Level 1:colcon.colcon_core.package_discovery:discover_packages(recursive) check parameters
[0.936s] Level 1:colcon.colcon_core.package_discovery:discover_packages(ignore) check parameters
[0.936s] Level 1:colcon.colcon_core.package_discovery:discover_packages(path) check parameters
[0.937s] Level 1:colcon.colcon_core.package_discovery:discover_packages(colcon_meta) discover
[0.937s] Level 1:colcon.colcon_core.package_discovery:discover_packages(recursive) discover
[0.937s] INFO:colcon.colcon_core.package_discovery:Crawling recursively for packages in '/home/mg-nx-bench/boson_ws'
[0.937s] Level 1:colcon.colcon_core.package_identification:_identify(.) by extensions ['ignore', 'ignore_ament_install']
[0.937s] Level 1:colcon.colcon_core.package_identification:_identify(.) by extension 'ignore'
[0.938s] Level 1:colcon.colcon_core.package_identification:_identify(.) by extension 'ignore_ament_install'
[0.938s] Level 1:colcon.colcon_core.package_identification:_identify(.) by extensions ['colcon_pkg']
[0.938s] Level 1:colcon.colcon_core.package_identification:_identify(.) by extension 'colcon_pkg'
[0.938s] Level 1:colcon.colcon_core.package_identification:_identify(.) by extensions ['colcon_meta']
[0.938s] Level 1:colcon.colcon_core.package_identification:_identify(.) by extension 'colcon_meta'
[0.938s] Level 1:colcon.colcon_core.package_identification:_identify(.) by extensions ['ros']
[0.938s] Level 1:colcon.colcon_core.package_identification:_identify(.) by extension 'ros'
[0.971s] Level 1:colcon.colcon_core.package_identification:_identify(.) by extensions ['cmake', 'python']
[0.972s] Level 1:colcon.colcon_core.package_identification:_identify(.) by extension 'cmake'
[0.972s] Level 1:colcon.colcon_core.package_identification:_identify(.) by extension 'python'
[0.972s] Level 1:colcon.colcon_core.package_identification:_identify(.) by extensions ['python_setup_py']
[0.972s] Level 1:colcon.colcon_core.package_identification:_identify(.) by extension 'python_setup_py'
[0.973s] Level 1:colcon.colcon_core.package_identification:_identify(boson_camera) by extensions ['ignore', 'ignore_ament_install']
[0.974s] Level 1:colcon.colcon_core.package_identification:_identify(boson_camera) by extension 'ignore'
[0.975s] Level 1:colcon.colcon_core.package_identification:_identify(boson_camera) by extension 'ignore_ament_install'
[0.975s] Level 1:colcon.colcon_core.package_identification:_identify(boson_camera) by extensions ['colcon_pkg']
[0.975s] Level 1:colcon.colcon_core.package_identification:_identify(boson_camera) by extension 'colcon_pkg'
[0.976s] Level 1:colcon.colcon_core.package_identification:_identify(boson_camera) by extensions ['colcon_meta']
[0.976s] Level 1:colcon.colcon_core.package_identification:_identify(boson_camera) by extension 'colcon_meta'
[0.976s] Level 1:colcon.colcon_core.package_identification:_identify(boson_camera) by extensions ['ros']
[0.976s] Level 1:colcon.colcon_core.package_identification:_identify(boson_camera) by extension 'ros'
[0.985s] DEBUG:colcon.colcon_core.package_identification:Package 'boson_camera' with type 'ros.ament_cmake' and name 'boson_camera'
[0.986s] Level 1:colcon.colcon_core.package_identification:_identify(build) by extensions ['ignore', 'ignore_ament_install']
[0.986s] Level 1:colcon.colcon_core.package_identification:_identify(build) by extension 'ignore'
[0.986s] Level 1:colcon.colcon_core.package_identification:_identify(build) ignored
[0.986s] Level 1:colcon.colcon_core.package_identification:_identify(install) by extensions ['ignore', 'ignore_ament_install']
[0.987s] Level 1:colcon.colcon_core.package_identification:_identify(install) by extension 'ignore'
[0.987s] Level 1:colcon.colcon_core.package_identification:_identify(install) ignored
[0.987s] Level 1:colcon.colcon_core.package_identification:_identify(log) by extensions ['ignore', 'ignore_ament_install']
[0.987s] Level 1:colcon.colcon_core.package_identification:_identify(log) by extension 'ignore'
[0.987s] Level 1:colcon.colcon_core.package_identification:_identify(log) ignored
[0.988s] Level 1:colcon.colcon_core.package_discovery:discover_packages(recursive) using defaults
[0.991s] Level 1:colcon.colcon_core.package_discovery:discover_packages(ignore) discover
[0.991s] Level 1:colcon.colcon_core.package_discovery:discover_packages(ignore) using defaults
[0.991s] Level 1:colcon.colcon_core.package_discovery:discover_packages(path) discover
[0.991s] Level 1:colcon.colcon_core.package_discovery:discover_packages(path) using defaults
[1.053s] Level 1:colcon.colcon_core.package_discovery:discover_packages(prefix_path) check parameters
[1.054s] Level 1:colcon.colcon_core.package_discovery:discover_packages(prefix_path) discover
[1.061s] DEBUG:colcon.colcon_installed_package_information.package_discovery:Found 282 installed packages in /opt/ros/humble
[1.105s] Level 1:colcon.colcon_core.package_discovery:discover_packages(prefix_path) using defaults
[1.196s] Level 5:colcon.colcon_core.verb:set package 'boson_camera' build argument 'cmake_args' from command line to 'None'
[1.196s] Level 5:colcon.colcon_core.verb:set package 'boson_camera' build argument 'cmake_target' from command line to 'None'
[1.196s] Level 5:colcon.colcon_core.verb:set package 'boson_camera' build argument 'cmake_target_skip_unavailable' from command line to 'False'
[1.196s] Level 5:colcon.colcon_core.verb:set package 'boson_camera' build argument 'cmake_clean_cache' from command line to 'False'
[1.197s] Level 5:colcon.colcon_core.verb:set package 'boson_camera' build argument 'cmake_clean_first' from command line to 'False'
[1.197s] Level 5:colcon.colcon_core.verb:set package 'boson_camera' build argument 'cmake_force_configure' from command line to 'False'
[1.197s] Level 5:colcon.colcon_core.verb:set package 'boson_camera' build argument 'ament_cmake_args' from command line to 'None'
[1.197s] Level 5:colcon.colcon_core.verb:set package 'boson_camera' build argument 'catkin_cmake_args' from command line to 'None'
[1.197s] Level 5:colcon.colcon_core.verb:set package 'boson_camera' build argument 'catkin_skip_building_tests' from command line to 'False'
[1.197s] DEBUG:colcon.colcon_core.verb:Building package 'boson_camera' with the following arguments: {'ament_cmake_args': None, 'build_base': '/home/mg-nx-bench/boson_ws/build/boson_camera', 'catkin_cmake_args': None, 'catkin_skip_building_tests': False, 'cmake_args': None, 'cmake_clean_cache': False, 'cmake_clean_first': False, 'cmake_force_configure': False, 'cmake_target': None, 'cmake_target_skip_unavailable': False, 'install_base': '/home/mg-nx-bench/boson_ws/install/boson_camera', 'merge_install': False, 'path': '/home/mg-nx-bench/boson_ws/boson_camera', 'symlink_install': False, 'test_result_base': None}
[1.197s] INFO:colcon.colcon_core.executor:Executing jobs using 'parallel' executor
[1.200s] DEBUG:colcon.colcon_parallel_executor.executor.parallel:run_until_complete
[1.200s] INFO:colcon.colcon_ros.task.ament_cmake.build:Building ROS package in '/home/mg-nx-bench/boson_ws/boson_camera' with build type 'ament_cmake'
[1.201s] INFO:colcon.colcon_cmake.task.cmake.build:Building CMake package in '/home/mg-nx-bench/boson_ws/boson_camera'
[1.212s] INFO:colcon.colcon_core.plugin_system:Skipping extension 'colcon_core.shell.bat': Not used on non-Windows systems
[1.213s] INFO:colcon.colcon_core.shell:Skip shell extension 'powershell' for command environment: Not usable outside of PowerShell
[1.213s] DEBUG:colcon.colcon_core.shell:Skip shell extension 'dsv' for command environment
[1.242s] DEBUG:colcon.colcon_core.event_handler.log_command:Invoking command in '/home/mg-nx-bench/boson_ws/build/boson_camera': CMAKE_PREFIX_PATH=/opt/ros/humble /usr/bin/cmake --build /home/mg-nx-bench/boson_ws/build/boson_camera -- -j4 -l4
[25.497s] DEBUG:colcon.colcon_core.event_handler.log_command:Invoked command in '/home/mg-nx-bench/boson_ws/build/boson_camera' returned '0': CMAKE_PREFIX_PATH=/opt/ros/humble /usr/bin/cmake --build /home/mg-nx-bench/boson_ws/build/boson_camera -- -j4 -l4
[25.522s] DEBUG:colcon.colcon_core.event_handler.log_command:Invoking command in '/home/mg-nx-bench/boson_ws/build/boson_camera': CMAKE_PREFIX_PATH=/opt/ros/humble /usr/bin/cmake --install /home/mg-nx-bench/boson_ws/build/boson_camera
[25.556s] Level 1:colcon.colcon_core.environment:create_environment_scripts_only(boson_camera)
[25.558s] DEBUG:colcon.colcon_core.event_handler.log_command:Invoked command in '/home/mg-nx-bench/boson_ws/build/boson_camera' returned '0': CMAKE_PREFIX_PATH=/opt/ros/humble /usr/bin/cmake --install /home/mg-nx-bench/boson_ws/build/boson_camera
[25.571s] Level 1:colcon.colcon_core.environment:checking '/home/mg-nx-bench/boson_ws/install/boson_camera' for CMake module files
[25.573s] Level 1:colcon.colcon_core.environment:checking '/home/mg-nx-bench/boson_ws/install/boson_camera' for CMake config files
[25.574s] Level 1:colcon.colcon_core.shell:create_environment_hook('boson_camera', 'cmake_prefix_path')
[25.575s] INFO:colcon.colcon_core.shell:Creating environment hook '/home/mg-nx-bench/boson_ws/install/boson_camera/share/boson_camera/hook/cmake_prefix_path.ps1'
[25.578s] INFO:colcon.colcon_core.shell:Creating environment descriptor '/home/mg-nx-bench/boson_ws/install/boson_camera/share/boson_camera/hook/cmake_prefix_path.dsv'
[25.580s] INFO:colcon.colcon_core.shell:Creating environment hook '/home/mg-nx-bench/boson_ws/install/boson_camera/share/boson_camera/hook/cmake_prefix_path.sh'
[25.584s] Level 1:colcon.colcon_core.environment:checking '/home/mg-nx-bench/boson_ws/install/boson_camera/lib'
[25.585s] Level 1:colcon.colcon_core.environment:checking '/home/mg-nx-bench/boson_ws/install/boson_camera/bin'
[25.585s] Level 1:colcon.colcon_core.environment:checking '/home/mg-nx-bench/boson_ws/install/boson_camera/lib/pkgconfig/boson_camera.pc'
[25.586s] Level 1:colcon.colcon_core.environment:checking '/home/mg-nx-bench/boson_ws/install/boson_camera/lib/python3.10/site-packages'
[25.587s] Level 1:colcon.colcon_core.environment:checking '/home/mg-nx-bench/boson_ws/install/boson_camera/bin'
[25.588s] INFO:colcon.colcon_core.shell:Creating package script '/home/mg-nx-bench/boson_ws/install/boson_camera/share/boson_camera/package.ps1'
[25.592s] INFO:colcon.colcon_core.shell:Creating package descriptor '/home/mg-nx-bench/boson_ws/install/boson_camera/share/boson_camera/package.dsv'
[25.594s] INFO:colcon.colcon_core.shell:Creating package script '/home/mg-nx-bench/boson_ws/install/boson_camera/share/boson_camera/package.sh'
[25.597s] INFO:colcon.colcon_core.shell:Creating package script '/home/mg-nx-bench/boson_ws/install/boson_camera/share/boson_camera/package.bash'
[25.602s] INFO:colcon.colcon_core.shell:Creating package script '/home/mg-nx-bench/boson_ws/install/boson_camera/share/boson_camera/package.zsh'
[25.606s] Level 1:colcon.colcon_core.environment:create_file_with_runtime_dependencies(/home/mg-nx-bench/boson_ws/install/boson_camera/share/colcon-core/packages/boson_camera)
[25.608s] Level 1:colcon.colcon_core.environment:create_environment_scripts_only(boson_camera)
[25.608s] Level 1:colcon.colcon_core.environment:checking '/home/mg-nx-bench/boson_ws/install/boson_camera' for CMake module files
[25.610s] Level 1:colcon.colcon_core.environment:checking '/home/mg-nx-bench/boson_ws/install/boson_camera' for CMake config files
[25.611s] Level 1:colcon.colcon_core.shell:create_environment_hook('boson_camera', 'cmake_prefix_path')
[25.611s] INFO:colcon.colcon_core.shell:Creating environment hook '/home/mg-nx-bench/boson_ws/install/boson_camera/share/boson_camera/hook/cmake_prefix_path.ps1'
[25.613s] INFO:colcon.colcon_core.shell:Creating environment descriptor '/home/mg-nx-bench/boson_ws/install/boson_camera/share/boson_camera/hook/cmake_prefix_path.dsv'
[25.614s] INFO:colcon.colcon_core.shell:Creating environment hook '/home/mg-nx-bench/boson_ws/install/boson_camera/share/boson_camera/hook/cmake_prefix_path.sh'
[25.615s] Level 1:colcon.colcon_core.environment:checking '/home/mg-nx-bench/boson_ws/install/boson_camera/lib'
[25.616s] Level 1:colcon.colcon_core.environment:checking '/home/mg-nx-bench/boson_ws/install/boson_camera/bin'
[25.616s] Level 1:colcon.colcon_core.environment:checking '/home/mg-nx-bench/boson_ws/install/boson_camera/lib/pkgconfig/boson_camera.pc'
[25.616s] Level 1:colcon.colcon_core.environment:checking '/home/mg-nx-bench/boson_ws/install/boson_camera/lib/python3.10/site-packages'
[25.617s] Level 1:colcon.colcon_core.environment:checking '/home/mg-nx-bench/boson_ws/install/boson_camera/bin'
[25.618s] INFO:colcon.colcon_core.shell:Creating package script '/home/mg-nx-bench/boson_ws/install/boson_camera/share/boson_camera/package.ps1'
[25.619s] INFO:colcon.colcon_core.shell:Creating package descriptor '/home/mg-nx-bench/boson_ws/install/boson_camera/share/boson_camera/package.dsv'
[25.621s] INFO:colcon.colcon_core.shell:Creating package script '/home/mg-nx-bench/boson_ws/install/boson_camera/share/boson_camera/package.sh'
[25.622s] INFO:colcon.colcon_core.shell:Creating package script '/home/mg-nx-bench/boson_ws/install/boson_camera/share/boson_camera/package.bash'
[25.623s] INFO:colcon.colcon_core.shell:Creating package script '/home/mg-nx-bench/boson_ws/install/boson_camera/share/boson_camera/package.zsh'
[25.624s] Level 1:colcon.colcon_core.environment:create_file_with_runtime_dependencies(/home/mg-nx-bench/boson_ws/install/boson_camera/share/colcon-core/packages/boson_camera)
[25.625s] DEBUG:colcon.colcon_parallel_executor.executor.parallel:closing loop
[25.626s] DEBUG:colcon.colcon_parallel_executor.executor.parallel:loop closed
[25.626s] DEBUG:colcon.colcon_parallel_executor.executor.parallel:run_until_complete finished with '0'
[25.626s] DEBUG:colcon.colcon_core.event_reactor:joining thread
[25.640s] INFO:colcon.colcon_core.plugin_system:Skipping extension 'colcon_notification.desktop_notification.terminal_notifier': Not used on non-Darwin systems
[25.640s] INFO:colcon.colcon_core.plugin_system:Skipping extension 'colcon_notification.desktop_notification.win32': Not used on non-Windows systems
[25.640s] INFO:colcon.colcon_notification.desktop_notification:Sending desktop notification using 'notify2'
[25.701s] DEBUG:colcon.colcon_core.event_reactor:joined thread
[25.702s] INFO:colcon.colcon_core.shell:Creating prefix script '/home/mg-nx-bench/boson_ws/install/local_setup.ps1'
[25.706s] INFO:colcon.colcon_core.shell:Creating prefix util module '/home/mg-nx-bench/boson_ws/install/_local_setup_util_ps1.py'
[25.712s] INFO:colcon.colcon_core.shell:Creating prefix chain script '/home/mg-nx-bench/boson_ws/install/setup.ps1'
[25.715s] INFO:colcon.colcon_core.shell:Creating prefix script '/home/mg-nx-bench/boson_ws/install/local_setup.sh'
[25.718s] INFO:colcon.colcon_core.shell:Creating prefix util module '/home/mg-nx-bench/boson_ws/install/_local_setup_util_sh.py'
[25.720s] INFO:colcon.colcon_core.shell:Creating prefix chain script '/home/mg-nx-bench/boson_ws/install/setup.sh'
[25.723s] INFO:colcon.colcon_core.shell:Creating prefix script '/home/mg-nx-bench/boson_ws/install/local_setup.bash'
[25.725s] INFO:colcon.colcon_core.shell:Creating prefix chain script '/home/mg-nx-bench/boson_ws/install/setup.bash'
[25.728s] INFO:colcon.colcon_core.shell:Creating prefix script '/home/mg-nx-bench/boson_ws/install/local_setup.zsh'
[25.730s] INFO:colcon.colcon_core.shell:Creating prefix chain script '/home/mg-nx-bench/boson_ws/install/setup.zsh'
