[0.230s] DEBUG:colcon:Command line arguments: ['/usr/bin/colcon', 'build']
[0.230s] DEBUG:colcon:Parsed command line arguments: Namespace(log_base=None, log_level=None, verb_name='build', build_base='build', install_base='install', merge_install=False, symlink_install=False, test_result_base=None, continue_on_error=False, executor='parallel', parallel_workers=4, event_handlers=None, ignore_user_meta=False, metas=['./colcon.meta'], base_paths=['.'], packages_ignore=None, packages_ignore_regex=None, paths=None, packages_up_to=None, packages_up_to_regex=None, packages_above=None, packages_above_and_dependencies=None, packages_above_depth=None, packages_select_by_dep=None, packages_skip_by_dep=None, packages_skip_up_to=None, packages_select_build_failed=False, packages_skip_build_finished=False, packages_select_test_failures=False, packages_skip_test_passed=False, packages_select=None, packages_skip=None, packages_select_regex=None, packages_skip_regex=None, packages_start=None, packages_end=None, allow_overriding=[], cmake_args=None, cmake_target=None, cmake_target_skip_unavailable=False, cmake_clean_cache=False, cmake_clean_first=False, cmake_force_configure=False, ament_cmake_args=None, catkin_cmake_args=None, catkin_skip_building_tests=False, verb_parser=<colcon_defaults.argument_parser.defaults.DefaultArgumentsDecorator object at 0xffff97300a00>, verb_extension=<colcon_core.verb.build.BuildVerb object at 0xffff97300610>, main=<bound method BuildVerb.main of <colcon_core.verb.build.BuildVerb object at 0xffff97300610>>)
[0.593s] Level 1:colcon.colcon_core.package_discovery:discover_packages(colcon_meta) check parameters
[0.593s] Level 1:colcon.colcon_core.package_discovery:discover_packages(recursive) check parameters
[0.593s] Level 1:colcon.colcon_core.package_discovery:discover_packages(ignore) check parameters
[0.593s] Level 1:colcon.colcon_core.package_discovery:discover_packages(path) check parameters
[0.593s] Level 1:colcon.colcon_core.package_discovery:discover_packages(colcon_meta) discover
[0.594s] Level 1:colcon.colcon_core.package_discovery:discover_packages(recursive) discover
[0.594s] INFO:colcon.colcon_core.package_discovery:Crawling recursively for packages in '/home/mg-nx-bench/boson_ws'
[0.594s] Level 1:colcon.colcon_core.package_identification:_identify(.) by extensions ['ignore', 'ignore_ament_install']
[0.594s] Level 1:colcon.colcon_core.package_identification:_identify(.) by extension 'ignore'
[0.594s] Level 1:colcon.colcon_core.package_identification:_identify(.) by extension 'ignore_ament_install'
[0.595s] Level 1:colcon.colcon_core.package_identification:_identify(.) by extensions ['colcon_pkg']
[0.595s] Level 1:colcon.colcon_core.package_identification:_identify(.) by extension 'colcon_pkg'
[0.595s] Level 1:colcon.colcon_core.package_identification:_identify(.) by extensions ['colcon_meta']
[0.595s] Level 1:colcon.colcon_core.package_identification:_identify(.) by extension 'colcon_meta'
[0.595s] Level 1:colcon.colcon_core.package_identification:_identify(.) by extensions ['ros']
[0.595s] Level 1:colcon.colcon_core.package_identification:_identify(.) by extension 'ros'
[0.623s] Level 1:colcon.colcon_core.package_identification:_identify(.) by extensions ['cmake', 'python']
[0.623s] Level 1:colcon.colcon_core.package_identification:_identify(.) by extension 'cmake'
[0.623s] Level 1:colcon.colcon_core.package_identification:_identify(.) by extension 'python'
[0.623s] Level 1:colcon.colcon_core.package_identification:_identify(.) by extensions ['python_setup_py']
[0.623s] Level 1:colcon.colcon_core.package_identification:_identify(.) by extension 'python_setup_py'
[0.624s] Level 1:colcon.colcon_core.package_identification:_identify(boson_camera) by extensions ['ignore', 'ignore_ament_install']
[0.624s] Level 1:colcon.colcon_core.package_identification:_identify(boson_camera) by extension 'ignore'
[0.624s] Level 1:colcon.colcon_core.package_identification:_identify(boson_camera) by extension 'ignore_ament_install'
[0.624s] Level 1:colcon.colcon_core.package_identification:_identify(boson_camera) by extensions ['colcon_pkg']
[0.624s] Level 1:colcon.colcon_core.package_identification:_identify(boson_camera) by extension 'colcon_pkg'
[0.624s] Level 1:colcon.colcon_core.package_identification:_identify(boson_camera) by extensions ['colcon_meta']
[0.624s] Level 1:colcon.colcon_core.package_identification:_identify(boson_camera) by extension 'colcon_meta'
[0.625s] Level 1:colcon.colcon_core.package_identification:_identify(boson_camera) by extensions ['ros']
[0.625s] Level 1:colcon.colcon_core.package_identification:_identify(boson_camera) by extension 'ros'
[0.631s] DEBUG:colcon.colcon_core.package_identification:Package 'boson_camera' with type 'ros.ament_cmake' and name 'boson_camera'
[0.632s] Level 1:colcon.colcon_core.package_identification:_identify(build) by extensions ['ignore', 'ignore_ament_install']
[0.632s] Level 1:colcon.colcon_core.package_identification:_identify(build) by extension 'ignore'
[0.632s] Level 1:colcon.colcon_core.package_identification:_identify(build) ignored
[0.633s] Level 1:colcon.colcon_core.package_identification:_identify(install) by extensions ['ignore', 'ignore_ament_install']
[0.633s] Level 1:colcon.colcon_core.package_identification:_identify(install) by extension 'ignore'
[0.633s] Level 1:colcon.colcon_core.package_identification:_identify(install) ignored
[0.634s] Level 1:colcon.colcon_core.package_identification:_identify(log) by extensions ['ignore', 'ignore_ament_install']
[0.634s] Level 1:colcon.colcon_core.package_identification:_identify(log) by extension 'ignore'
[0.634s] Level 1:colcon.colcon_core.package_identification:_identify(log) ignored
[0.635s] Level 1:colcon.colcon_core.package_discovery:discover_packages(recursive) using defaults
[0.635s] Level 1:colcon.colcon_core.package_discovery:discover_packages(ignore) discover
[0.635s] Level 1:colcon.colcon_core.package_discovery:discover_packages(ignore) using defaults
[0.635s] Level 1:colcon.colcon_core.package_discovery:discover_packages(path) discover
[0.636s] Level 1:colcon.colcon_core.package_discovery:discover_packages(path) using defaults
[0.680s] Level 1:colcon.colcon_core.package_discovery:discover_packages(prefix_path) check parameters
[0.681s] Level 1:colcon.colcon_core.package_discovery:discover_packages(prefix_path) discover
[0.683s] WARNING:colcon.colcon_core.prefix_path.colcon:The path '/home/mg-nx-bench/fliradk_ros2/install' in the environment variable COLCON_PREFIX_PATH doesn't exist
[0.685s] DEBUG:colcon.colcon_installed_package_information.package_discovery:Found 1 installed packages in /home/mg-nx-bench/boson_ws/install
[0.687s] DEBUG:colcon.colcon_installed_package_information.package_discovery:Found 1 installed packages in /home/mg-nx-bench/arena_camera_ros2-1.3/ros2_ws/install
[0.690s] DEBUG:colcon.colcon_installed_package_information.package_discovery:Found 282 installed packages in /opt/ros/humble
[0.732s] Level 1:colcon.colcon_core.package_discovery:discover_packages(prefix_path) using defaults
[0.819s] Level 5:colcon.colcon_core.verb:set package 'boson_camera' build argument 'cmake_args' from command line to 'None'
[0.819s] Level 5:colcon.colcon_core.verb:set package 'boson_camera' build argument 'cmake_target' from command line to 'None'
[0.820s] Level 5:colcon.colcon_core.verb:set package 'boson_camera' build argument 'cmake_target_skip_unavailable' from command line to 'False'
[0.820s] Level 5:colcon.colcon_core.verb:set package 'boson_camera' build argument 'cmake_clean_cache' from command line to 'False'
[0.820s] Level 5:colcon.colcon_core.verb:set package 'boson_camera' build argument 'cmake_clean_first' from command line to 'False'
[0.820s] Level 5:colcon.colcon_core.verb:set package 'boson_camera' build argument 'cmake_force_configure' from command line to 'False'
[0.820s] Level 5:colcon.colcon_core.verb:set package 'boson_camera' build argument 'ament_cmake_args' from command line to 'None'
[0.820s] Level 5:colcon.colcon_core.verb:set package 'boson_camera' build argument 'catkin_cmake_args' from command line to 'None'
[0.820s] Level 5:colcon.colcon_core.verb:set package 'boson_camera' build argument 'catkin_skip_building_tests' from command line to 'False'
[0.820s] DEBUG:colcon.colcon_core.verb:Building package 'boson_camera' with the following arguments: {'ament_cmake_args': None, 'build_base': '/home/mg-nx-bench/boson_ws/build/boson_camera', 'catkin_cmake_args': None, 'catkin_skip_building_tests': False, 'cmake_args': None, 'cmake_clean_cache': False, 'cmake_clean_first': False, 'cmake_force_configure': False, 'cmake_target': None, 'cmake_target_skip_unavailable': False, 'install_base': '/home/mg-nx-bench/boson_ws/install/boson_camera', 'merge_install': False, 'path': '/home/mg-nx-bench/boson_ws/boson_camera', 'symlink_install': False, 'test_result_base': None}
[0.821s] INFO:colcon.colcon_core.executor:Executing jobs using 'parallel' executor
[0.823s] DEBUG:colcon.colcon_parallel_executor.executor.parallel:run_until_complete
[0.824s] INFO:colcon.colcon_ros.task.ament_cmake.build:Building ROS package in '/home/mg-nx-bench/boson_ws/boson_camera' with build type 'ament_cmake'
[0.825s] INFO:colcon.colcon_cmake.task.cmake.build:Building CMake package in '/home/mg-nx-bench/boson_ws/boson_camera'
[0.831s] INFO:colcon.colcon_core.plugin_system:Skipping extension 'colcon_core.shell.bat': Not used on non-Windows systems
[0.831s] INFO:colcon.colcon_core.shell:Skip shell extension 'powershell' for command environment: Not usable outside of PowerShell
[0.832s] DEBUG:colcon.colcon_core.shell:Skip shell extension 'dsv' for command environment
[0.856s] DEBUG:colcon.colcon_core.event_handler.log_command:Invoking command in '/home/mg-nx-bench/boson_ws/build/boson_camera': CMAKE_PREFIX_PATH=${CMAKE_PREFIX_PATH}:/opt/ros/humble /usr/bin/cmake --build /home/mg-nx-bench/boson_ws/build/boson_camera -- -j4 -l4
[15.763s] DEBUG:colcon.colcon_core.event_handler.log_command:Invoked command in '/home/mg-nx-bench/boson_ws/build/boson_camera' returned '0': CMAKE_PREFIX_PATH=${CMAKE_PREFIX_PATH}:/opt/ros/humble /usr/bin/cmake --build /home/mg-nx-bench/boson_ws/build/boson_camera -- -j4 -l4
[15.786s] DEBUG:colcon.colcon_core.event_handler.log_command:Invoking command in '/home/mg-nx-bench/boson_ws/build/boson_camera': CMAKE_PREFIX_PATH=${CMAKE_PREFIX_PATH}:/opt/ros/humble /usr/bin/cmake --install /home/mg-nx-bench/boson_ws/build/boson_camera
[15.811s] Level 1:colcon.colcon_core.environment:create_environment_scripts_only(boson_camera)
[15.813s] DEBUG:colcon.colcon_core.event_handler.log_command:Invoked command in '/home/mg-nx-bench/boson_ws/build/boson_camera' returned '0': CMAKE_PREFIX_PATH=${CMAKE_PREFIX_PATH}:/opt/ros/humble /usr/bin/cmake --install /home/mg-nx-bench/boson_ws/build/boson_camera
[15.819s] Level 1:colcon.colcon_core.environment:checking '/home/mg-nx-bench/boson_ws/install/boson_camera' for CMake module files
[15.820s] Level 1:colcon.colcon_core.environment:checking '/home/mg-nx-bench/boson_ws/install/boson_camera' for CMake config files
[15.821s] Level 1:colcon.colcon_core.shell:create_environment_hook('boson_camera', 'cmake_prefix_path')
[15.822s] INFO:colcon.colcon_core.shell:Creating environment hook '/home/mg-nx-bench/boson_ws/install/boson_camera/share/boson_camera/hook/cmake_prefix_path.ps1'
[15.824s] INFO:colcon.colcon_core.shell:Creating environment descriptor '/home/mg-nx-bench/boson_ws/install/boson_camera/share/boson_camera/hook/cmake_prefix_path.dsv'
[15.825s] INFO:colcon.colcon_core.shell:Creating environment hook '/home/mg-nx-bench/boson_ws/install/boson_camera/share/boson_camera/hook/cmake_prefix_path.sh'
[15.827s] Level 1:colcon.colcon_core.environment:checking '/home/mg-nx-bench/boson_ws/install/boson_camera/lib'
[15.828s] Level 1:colcon.colcon_core.environment:checking '/home/mg-nx-bench/boson_ws/install/boson_camera/bin'
[15.828s] Level 1:colcon.colcon_core.environment:checking '/home/mg-nx-bench/boson_ws/install/boson_camera/lib/pkgconfig/boson_camera.pc'
[15.829s] Level 1:colcon.colcon_core.environment:checking '/home/mg-nx-bench/boson_ws/install/boson_camera/lib/python3.10/site-packages'
[15.829s] Level 1:colcon.colcon_core.environment:checking '/home/mg-nx-bench/boson_ws/install/boson_camera/bin'
[15.830s] INFO:colcon.colcon_core.shell:Creating package script '/home/mg-nx-bench/boson_ws/install/boson_camera/share/boson_camera/package.ps1'
[15.832s] INFO:colcon.colcon_core.shell:Creating package descriptor '/home/mg-nx-bench/boson_ws/install/boson_camera/share/boson_camera/package.dsv'
[15.834s] INFO:colcon.colcon_core.shell:Creating package script '/home/mg-nx-bench/boson_ws/install/boson_camera/share/boson_camera/package.sh'
[15.837s] INFO:colcon.colcon_core.shell:Creating package script '/home/mg-nx-bench/boson_ws/install/boson_camera/share/boson_camera/package.bash'
[15.839s] INFO:colcon.colcon_core.shell:Creating package script '/home/mg-nx-bench/boson_ws/install/boson_camera/share/boson_camera/package.zsh'
[15.841s] Level 1:colcon.colcon_core.environment:create_file_with_runtime_dependencies(/home/mg-nx-bench/boson_ws/install/boson_camera/share/colcon-core/packages/boson_camera)
[15.843s] Level 1:colcon.colcon_core.environment:create_environment_scripts_only(boson_camera)
[15.843s] Level 1:colcon.colcon_core.environment:checking '/home/mg-nx-bench/boson_ws/install/boson_camera' for CMake module files
[15.845s] Level 1:colcon.colcon_core.environment:checking '/home/mg-nx-bench/boson_ws/install/boson_camera' for CMake config files
[15.845s] Level 1:colcon.colcon_core.shell:create_environment_hook('boson_camera', 'cmake_prefix_path')
[15.846s] INFO:colcon.colcon_core.shell:Creating environment hook '/home/mg-nx-bench/boson_ws/install/boson_camera/share/boson_camera/hook/cmake_prefix_path.ps1'
[15.847s] INFO:colcon.colcon_core.shell:Creating environment descriptor '/home/mg-nx-bench/boson_ws/install/boson_camera/share/boson_camera/hook/cmake_prefix_path.dsv'
[15.848s] INFO:colcon.colcon_core.shell:Creating environment hook '/home/mg-nx-bench/boson_ws/install/boson_camera/share/boson_camera/hook/cmake_prefix_path.sh'
[15.850s] Level 1:colcon.colcon_core.environment:checking '/home/mg-nx-bench/boson_ws/install/boson_camera/lib'
[15.850s] Level 1:colcon.colcon_core.environment:checking '/home/mg-nx-bench/boson_ws/install/boson_camera/bin'
[15.850s] Level 1:colcon.colcon_core.environment:checking '/home/mg-nx-bench/boson_ws/install/boson_camera/lib/pkgconfig/boson_camera.pc'
[15.851s] Level 1:colcon.colcon_core.environment:checking '/home/mg-nx-bench/boson_ws/install/boson_camera/lib/python3.10/site-packages'
[15.852s] Level 1:colcon.colcon_core.environment:checking '/home/mg-nx-bench/boson_ws/install/boson_camera/bin'
[15.853s] INFO:colcon.colcon_core.shell:Creating package script '/home/mg-nx-bench/boson_ws/install/boson_camera/share/boson_camera/package.ps1'
[15.854s] INFO:colcon.colcon_core.shell:Creating package descriptor '/home/mg-nx-bench/boson_ws/install/boson_camera/share/boson_camera/package.dsv'
[15.856s] INFO:colcon.colcon_core.shell:Creating package script '/home/mg-nx-bench/boson_ws/install/boson_camera/share/boson_camera/package.sh'
[15.857s] INFO:colcon.colcon_core.shell:Creating package script '/home/mg-nx-bench/boson_ws/install/boson_camera/share/boson_camera/package.bash'
[15.858s] INFO:colcon.colcon_core.shell:Creating package script '/home/mg-nx-bench/boson_ws/install/boson_camera/share/boson_camera/package.zsh'
[15.860s] Level 1:colcon.colcon_core.environment:create_file_with_runtime_dependencies(/home/mg-nx-bench/boson_ws/install/boson_camera/share/colcon-core/packages/boson_camera)
[15.860s] DEBUG:colcon.colcon_parallel_executor.executor.parallel:closing loop
[15.861s] DEBUG:colcon.colcon_parallel_executor.executor.parallel:loop closed
[15.862s] DEBUG:colcon.colcon_parallel_executor.executor.parallel:run_until_complete finished with '0'
[15.863s] DEBUG:colcon.colcon_core.event_reactor:joining thread
[15.883s] INFO:colcon.colcon_core.plugin_system:Skipping extension 'colcon_notification.desktop_notification.terminal_notifier': Not used on non-Darwin systems
[15.883s] INFO:colcon.colcon_core.plugin_system:Skipping extension 'colcon_notification.desktop_notification.win32': Not used on non-Windows systems
[15.883s] INFO:colcon.colcon_notification.desktop_notification:Sending desktop notification using 'notify2'
[15.926s] DEBUG:colcon.colcon_core.event_reactor:joined thread
[15.927s] INFO:colcon.colcon_core.shell:Creating prefix script '/home/mg-nx-bench/boson_ws/install/local_setup.ps1'
[15.930s] INFO:colcon.colcon_core.shell:Creating prefix util module '/home/mg-nx-bench/boson_ws/install/_local_setup_util_ps1.py'
[15.938s] INFO:colcon.colcon_core.shell:Creating prefix chain script '/home/mg-nx-bench/boson_ws/install/setup.ps1'
[15.941s] INFO:colcon.colcon_core.shell:Creating prefix script '/home/mg-nx-bench/boson_ws/install/local_setup.sh'
[15.943s] INFO:colcon.colcon_core.shell:Creating prefix util module '/home/mg-nx-bench/boson_ws/install/_local_setup_util_sh.py'
[15.944s] INFO:colcon.colcon_core.shell:Creating prefix chain script '/home/mg-nx-bench/boson_ws/install/setup.sh'
[15.947s] INFO:colcon.colcon_core.shell:Creating prefix script '/home/mg-nx-bench/boson_ws/install/local_setup.bash'
[15.948s] INFO:colcon.colcon_core.shell:Creating prefix chain script '/home/mg-nx-bench/boson_ws/install/setup.bash'
[15.950s] INFO:colcon.colcon_core.shell:Creating prefix script '/home/mg-nx-bench/boson_ws/install/local_setup.zsh'
[15.951s] INFO:colcon.colcon_core.shell:Creating prefix chain script '/home/mg-nx-bench/boson_ws/install/setup.zsh'
