[0.031s] Invoking command in '/home/mg-nx-bench/boson_ws/build/boson_camera': CMAKE_PREFIX_PATH=/opt/ros/humble /usr/bin/cmake --build /home/mg-nx-bench/boson_ws/build/boson_camera -- -j4 -l4
[0.110s] -- Found ament_cmake: 1.3.11 (/opt/ros/humble/share/ament_cmake/cmake)
[0.427s] -- Found rclcpp: 16.0.11 (/opt/ros/humble/share/rclcpp/cmake)
[0.500s] -- Found rosidl_generator_c: 3.1.6 (/opt/ros/humble/share/rosidl_generator_c/cmake)
[0.509s] -- Found rosidl_adapter: 3.1.6 (/opt/ros/humble/share/rosidl_adapter/cmake)
[0.526s] -- Found rosidl_generator_cpp: 3.1.6 (/opt/ros/humble/share/rosidl_generator_cpp/cmake)
[0.549s] -- Using all available rosidl_typesupport_c: rosidl_typesupport_fastrtps_c;rosidl_typesupport_introspection_c
[0.578s] -- Using all available rosidl_typesupport_cpp: rosidl_typesupport_fastrtps_cpp;rosidl_typesupport_introspection_cpp
[0.659s] -- Found rmw_implementation_cmake: 6.1.2 (/opt/ros/humble/share/rmw_implementation_cmake/cmake)
[0.663s] -- Found rmw_fastrtps_cpp: 6.2.7 (/opt/ros/humble/share/rmw_fastrtps_cpp/cmake)
[0.868s] -- Using RMW implementation 'rmw_fastrtps_cpp' as default
[0.985s] -- Found sensor_msgs: 4.2.4 (/opt/ros/humble/share/sensor_msgs/cmake)
[1.068s] -- Found ament_lint_auto: 0.12.11 (/opt/ros/humble/share/ament_lint_auto/cmake)
[1.252s] -- Added test 'cppcheck' to perform static code analysis on C / C++ code
[1.252s] -- Configured cppcheck include dirs: 
[1.253s] -- Configured cppcheck exclude dirs and/or files: 
[1.254s] -- Added test 'lint_cmake' to check CMake code style
[1.256s] -- Added test 'uncrustify' to check C / C++ code style
[1.256s] -- Configured uncrustify additional arguments: 
[1.257s] -- Added test 'xmllint' to check XML markup files
[1.261s] -- Configuring done
[1.306s] -- Generating done
[1.322s] -- Build files have been written to: /home/mg-nx-bench/boson_ws/build/boson_camera
[1.382s] [35m[1mConsolidate compiler generated dependencies of target boson_camera_node[0m
[1.399s] [ 25%] [32mBuilding CXX object CMakeFiles/boson_viewer_node.dir/src/boson_camera_node.cpp.o[0m
[1.444s] [ 50%] [32mBuilding CXX object CMakeFiles/boson_camera_node.dir/src/boson_camera_node.cpp.o[0m
[10.252s] [01m[K/home/mg-nx-bench/boson_ws/boson_camera/src/boson_camera_node.cpp:[m[K In function ‘[01m[Kvoid signal_handler(int)[m[K’:
[10.253s] [01m[K/home/mg-nx-bench/boson_ws/boson_camera/src/boson_camera_node.cpp:137:25:[m[K [01;35m[Kwarning: [m[Kunused parameter ‘[01m[Ksignum[m[K’ [[01;35m[K]8;;https://gcc.gnu.org/onlinedocs/gcc/Warning-Options.html#index-Wunused-parameter-Wunused-parameter]8;;[m[K]
[10.253s]   137 | void signal_handler([01;35m[Kint signum[m[K) {
[10.253s]       |                     [01;35m[K~~~~^~~~~~[m[K
[10.659s] [01m[K/home/mg-nx-bench/boson_ws/boson_camera/src/boson_camera_node.cpp:[m[K In function ‘[01m[Kvoid signal_handler(int)[m[K’:
[10.659s] [01m[K/home/mg-nx-bench/boson_ws/boson_camera/src/boson_camera_node.cpp:137:25:[m[K [01;35m[Kwarning: [m[Kunused parameter ‘[01m[Ksignum[m[K’ [[01;35m[K]8;;https://gcc.gnu.org/onlinedocs/gcc/Warning-Options.html#index-Wunused-parameter-Wunused-parameter]8;;[m[K]
[10.659s]   137 | void signal_handler([01;35m[Kint signum[m[K) {
[10.659s]       |                     [01;35m[K~~~~^~~~~~[m[K
[16.115s] [ 75%] [32m[1mLinking CXX executable boson_camera_node[0m
[16.525s] [100%] [32m[1mLinking CXX executable boson_viewer_node[0m
[16.747s] [100%] Built target boson_camera_node
[17.043s] [100%] Built target boson_viewer_node
[17.069s] Invoked command in '/home/mg-nx-bench/boson_ws/build/boson_camera' returned '0': CMAKE_PREFIX_PATH=/opt/ros/humble /usr/bin/cmake --build /home/mg-nx-bench/boson_ws/build/boson_camera -- -j4 -l4
[17.092s] Invoking command in '/home/mg-nx-bench/boson_ws/build/boson_camera': CMAKE_PREFIX_PATH=/opt/ros/humble /usr/bin/cmake --install /home/mg-nx-bench/boson_ws/build/boson_camera
[17.107s] -- Install configuration: ""
[17.108s] -- Installing: /home/mg-nx-bench/boson_ws/install/boson_camera/lib/boson_camera/boson_camera_node
[17.112s] -- Set runtime path of "/home/mg-nx-bench/boson_ws/install/boson_camera/lib/boson_camera/boson_camera_node" to ""
[17.112s] -- Installing: /home/mg-nx-bench/boson_ws/install/boson_camera/lib/boson_camera/boson_viewer_node
[17.115s] -- Set runtime path of "/home/mg-nx-bench/boson_ws/install/boson_camera/lib/boson_camera/boson_viewer_node" to ""
[17.115s] -- Up-to-date: /home/mg-nx-bench/boson_ws/install/boson_camera/share/ament_index/resource_index/package_run_dependencies/boson_camera
[17.115s] -- Up-to-date: /home/mg-nx-bench/boson_ws/install/boson_camera/share/ament_index/resource_index/parent_prefix_path/boson_camera
[17.115s] -- Up-to-date: /home/mg-nx-bench/boson_ws/install/boson_camera/share/boson_camera/environment/ament_prefix_path.sh
[17.116s] -- Installing: /home/mg-nx-bench/boson_ws/install/boson_camera/share/boson_camera/environment/ament_prefix_path.dsv
[17.116s] -- Up-to-date: /home/mg-nx-bench/boson_ws/install/boson_camera/share/boson_camera/environment/path.sh
[17.116s] -- Installing: /home/mg-nx-bench/boson_ws/install/boson_camera/share/boson_camera/environment/path.dsv
[17.116s] -- Up-to-date: /home/mg-nx-bench/boson_ws/install/boson_camera/share/boson_camera/local_setup.bash
[17.116s] -- Up-to-date: /home/mg-nx-bench/boson_ws/install/boson_camera/share/boson_camera/local_setup.sh
[17.116s] -- Up-to-date: /home/mg-nx-bench/boson_ws/install/boson_camera/share/boson_camera/local_setup.zsh
[17.117s] -- Installing: /home/mg-nx-bench/boson_ws/install/boson_camera/share/boson_camera/local_setup.dsv
[17.117s] -- Installing: /home/mg-nx-bench/boson_ws/install/boson_camera/share/boson_camera/package.dsv
[17.117s] -- Up-to-date: /home/mg-nx-bench/boson_ws/install/boson_camera/share/ament_index/resource_index/packages/boson_camera
[17.117s] -- Up-to-date: /home/mg-nx-bench/boson_ws/install/boson_camera/share/boson_camera/cmake/boson_cameraConfig.cmake
[17.117s] -- Up-to-date: /home/mg-nx-bench/boson_ws/install/boson_camera/share/boson_camera/cmake/boson_cameraConfig-version.cmake
[17.117s] -- Up-to-date: /home/mg-nx-bench/boson_ws/install/boson_camera/share/boson_camera/package.xml
[17.123s] Invoked command in '/home/mg-nx-bench/boson_ws/build/boson_camera' returned '0': CMAKE_PREFIX_PATH=/opt/ros/humble /usr/bin/cmake --install /home/mg-nx-bench/boson_ws/build/boson_camera
