[0.040s] Invoking command in '/home/mg-nx-bench/boson_ws/build/boson_camera': CMAKE_PREFIX_PATH=/opt/ros/humble /usr/bin/cmake --build /home/mg-nx-bench/boson_ws/build/boson_camera -- -j4 -l4
[0.165s] [35m[1mConsolidate compiler generated dependencies of target bayer_to_rgb_node[0m
[0.248s] [ 16%] [32mBuilding CXX object CMakeFiles/boson_viewer_node.dir/src/boson_viewer_node.cpp.o[0m
[0.254s] [ 50%] Built target boson_camera_node
[0.262s] [ 66%] [32mBuilding CXX object CMakeFiles/bayer_to_rgb_node.dir/src/bayer_to_rgb_node.cpp.o[0m
[24.297s] [ 83%] [32m[1mLinking CXX executable bayer_to_rgb_node[0m
[25.497s] /usr/bin/ld: warning: libopencv_imgcodecs.so.4.5d, needed by /opt/ros/humble/lib/libcv_bridge.so, may conflict with libopencv_imgcodecs.so.408
[25.501s] /usr/bin/ld: warning: libopencv_imgproc.so.4.5d, needed by /opt/ros/humble/lib/libcv_bridge.so, may conflict with libopencv_imgproc.so.408
[25.505s] /usr/bin/ld: warning: libopencv_core.so.4.5d, needed by /opt/ros/humble/lib/libcv_bridge.so, may conflict with libopencv_core.so.408
[26.798s] [ 83%] Built target bayer_to_rgb_node
[28.002s] [100%] [32m[1mLinking CXX executable boson_viewer_node[0m
[29.023s] [100%] Built target boson_viewer_node
[29.048s] Invoked command in '/home/mg-nx-bench/boson_ws/build/boson_camera' returned '0': CMAKE_PREFIX_PATH=/opt/ros/humble /usr/bin/cmake --build /home/mg-nx-bench/boson_ws/build/boson_camera -- -j4 -l4
[29.073s] Invoking command in '/home/mg-nx-bench/boson_ws/build/boson_camera': CMAKE_PREFIX_PATH=/opt/ros/humble /usr/bin/cmake --install /home/mg-nx-bench/boson_ws/build/boson_camera
[29.089s] -- Install configuration: ""
[29.090s] -- Up-to-date: /home/mg-nx-bench/boson_ws/install/boson_camera/lib/boson_camera/boson_camera_node
[29.091s] -- Installing: /home/mg-nx-bench/boson_ws/install/boson_camera/lib/boson_camera/boson_viewer_node
[29.107s] -- Set runtime path of "/home/mg-nx-bench/boson_ws/install/boson_camera/lib/boson_camera/boson_viewer_node" to ""
[29.108s] -- Installing: /home/mg-nx-bench/boson_ws/install/boson_camera/lib/boson_camera/bayer_to_rgb_node
[29.117s] -- Set runtime path of "/home/mg-nx-bench/boson_ws/install/boson_camera/lib/boson_camera/bayer_to_rgb_node" to ""
[29.117s] -- Up-to-date: /home/mg-nx-bench/boson_ws/install/boson_camera/share/ament_index/resource_index/package_run_dependencies/boson_camera
[29.117s] -- Up-to-date: /home/mg-nx-bench/boson_ws/install/boson_camera/share/ament_index/resource_index/parent_prefix_path/boson_camera
[29.118s] -- Up-to-date: /home/mg-nx-bench/boson_ws/install/boson_camera/share/boson_camera/environment/ament_prefix_path.sh
[29.118s] -- Up-to-date: /home/mg-nx-bench/boson_ws/install/boson_camera/share/boson_camera/environment/ament_prefix_path.dsv
[29.118s] -- Up-to-date: /home/mg-nx-bench/boson_ws/install/boson_camera/share/boson_camera/environment/path.sh
[29.118s] -- Up-to-date: /home/mg-nx-bench/boson_ws/install/boson_camera/share/boson_camera/environment/path.dsv
[29.118s] -- Up-to-date: /home/mg-nx-bench/boson_ws/install/boson_camera/share/boson_camera/local_setup.bash
[29.119s] -- Up-to-date: /home/mg-nx-bench/boson_ws/install/boson_camera/share/boson_camera/local_setup.sh
[29.119s] -- Up-to-date: /home/mg-nx-bench/boson_ws/install/boson_camera/share/boson_camera/local_setup.zsh
[29.119s] -- Up-to-date: /home/mg-nx-bench/boson_ws/install/boson_camera/share/boson_camera/local_setup.dsv
[29.119s] -- Installing: /home/mg-nx-bench/boson_ws/install/boson_camera/share/boson_camera/package.dsv
[29.119s] -- Up-to-date: /home/mg-nx-bench/boson_ws/install/boson_camera/share/ament_index/resource_index/packages/boson_camera
[29.119s] -- Up-to-date: /home/mg-nx-bench/boson_ws/install/boson_camera/share/boson_camera/cmake/boson_cameraConfig.cmake
[29.119s] -- Up-to-date: /home/mg-nx-bench/boson_ws/install/boson_camera/share/boson_camera/cmake/boson_cameraConfig-version.cmake
[29.119s] -- Up-to-date: /home/mg-nx-bench/boson_ws/install/boson_camera/share/boson_camera/package.xml
[29.124s] Invoked command in '/home/mg-nx-bench/boson_ws/build/boson_camera' returned '0': CMAKE_PREFIX_PATH=/opt/ros/humble /usr/bin/cmake --install /home/mg-nx-bench/boson_ws/build/boson_camera
