[35m[1mConsolidate compiler generated dependencies of target boson_camera_node[0m
[ 50%] [32mBuilding CXX object CMakeFiles/boson_camera_node.dir/src/boson_camera_node.cpp.o[0m
[01m[K/home/mg-nx-bench/boson_ws/boson_camera/src/boson_camera_node.cpp:[m[K In function ‘[01m[Kvoid signal_handler(int)[m[K’:
[01m[K/home/mg-nx-bench/boson_ws/boson_camera/src/boson_camera_node.cpp:152:25:[m[K [01;35m[Kwarning: [m[Kunused parameter ‘[01m[Ksignum[m[K’ [[01;35m[K]8;;https://gcc.gnu.org/onlinedocs/gcc/Warning-Options.html#index-Wunused-parameter-Wunused-parameter]8;;[m[K]
  152 | void signal_handler([01;35m[Kint signum[m[K) {
      |                     [01;35m[K~~~~^~~~~~[m[K
[100%] [32m[1mLinking CXX executable boson_camera_node[0m
[100%] Built target boson_camera_node
-- Install configuration: ""
-- Installing: /home/mg-nx-bench/boson_ws/install/boson_camera/lib/boson_camera/boson_camera_node
-- Set runtime path of "/home/mg-nx-bench/boson_ws/install/boson_camera/lib/boson_camera/boson_camera_node" to ""
-- Up-to-date: /home/mg-nx-bench/boson_ws/install/boson_camera/share/ament_index/resource_index/package_run_dependencies/boson_camera
-- Up-to-date: /home/mg-nx-bench/boson_ws/install/boson_camera/share/ament_index/resource_index/parent_prefix_path/boson_camera
-- Up-to-date: /home/mg-nx-bench/boson_ws/install/boson_camera/share/boson_camera/environment/ament_prefix_path.sh
-- Up-to-date: /home/mg-nx-bench/boson_ws/install/boson_camera/share/boson_camera/environment/ament_prefix_path.dsv
-- Up-to-date: /home/mg-nx-bench/boson_ws/install/boson_camera/share/boson_camera/environment/path.sh
-- Up-to-date: /home/mg-nx-bench/boson_ws/install/boson_camera/share/boson_camera/environment/path.dsv
-- Up-to-date: /home/mg-nx-bench/boson_ws/install/boson_camera/share/boson_camera/local_setup.bash
-- Up-to-date: /home/mg-nx-bench/boson_ws/install/boson_camera/share/boson_camera/local_setup.sh
-- Up-to-date: /home/mg-nx-bench/boson_ws/install/boson_camera/share/boson_camera/local_setup.zsh
-- Up-to-date: /home/mg-nx-bench/boson_ws/install/boson_camera/share/boson_camera/local_setup.dsv
-- Installing: /home/mg-nx-bench/boson_ws/install/boson_camera/share/boson_camera/package.dsv
-- Up-to-date: /home/mg-nx-bench/boson_ws/install/boson_camera/share/ament_index/resource_index/packages/boson_camera
-- Up-to-date: /home/mg-nx-bench/boson_ws/install/boson_camera/share/boson_camera/cmake/boson_cameraConfig.cmake
-- Up-to-date: /home/mg-nx-bench/boson_ws/install/boson_camera/share/boson_camera/cmake/boson_cameraConfig-version.cmake
-- Up-to-date: /home/mg-nx-bench/boson_ws/install/boson_camera/share/boson_camera/package.xml
